<?xml version="1.0" encoding="UTF-8"?>
<!-- Generated by org.testng.reporters.JUnitXMLReporter -->
<testsuite ignored="0" hostname="MOLPC132" failures="0" tests="17" name="Test" time="866.3" errors="0" timestamp="2025-02-24T15:43:48 IST">
  <testcase classname="test.Login_Test" name="setup" time="24.742"/>
  <testcase classname="test.service_Cotton_Dealer_License.Cotton_Dealer_License_district_level_Test" name="verify_Applicant_Informatiom" time="40.993"/>
  <testcase classname="test.service_Cotton_Dealer_License.Cotton_Dealer_License_district_level_Test" name="verify_Firm_Informatiom" time="29.841"/>
  <testcase classname="test.service_Cotton_Dealer_License.Cotton_Dealer_License_district_level_Test" name="verify_Sales_Addres_details" time="36.733"/>
  <testcase classname="test.service_Cotton_Dealer_License.Cotton_Dealer_License_district_level_Test" name="verify_Storage_Details" time="32.334"/>
  <testcase classname="test.service_Cotton_Dealer_License.Cotton_Dealer_License_district_level_Test" name="verify_Crop_Varieties__Details" time="55.431"/>
  <testcase classname="test.service_Cotton_Dealer_License.Cotton_Dealer_License_district_level_Test" name="verify_Dashboard_Search" time="51.029"/>
  <testcase classname="UploadDoc_cotton_Dealer_State_Test.UploadDocumentsandPayment_Cotton_Dealer_District_Test" name="verify_Applicant_Information_Documents" time="33.951"/>
  <testcase classname="UploadDoc_cotton_Dealer_State_Test.UploadDocumentsandPayment_Cotton_Dealer_District_Test" name="verify_Information_of_the_Firm_Organization__Documents" time="58.727"/>
  <testcase classname="UploadDoc_cotton_Dealer_State_Test.UploadDocumentsandPayment_Cotton_Dealer_District_Test" name="verify_sales_Address_Details" time="9.33"/>
  <testcase classname="UploadDoc_cotton_Dealer_State_Test.UploadDocumentsandPayment_Cotton_Dealer_District_Test" name="verify_Storage_Documents" time="26.952"/>
  <testcase classname="UploadDoc_cotton_Dealer_State_Test.UploadDocumentsandPayment_Cotton_Dealer_District_Test" name="verify_GRAS_Payment_Details_Details" time="47.722"/>
  <testcase classname="UploadDoc_cotton_Dealer_State_Test.UploadDocumentsandPayment_Cotton_Dealer_District_Test" name="verify_Make_Payment" time="10.396"/>
  <testcase classname="Scrutiny_Flow_Cotton_Dealer_State.Cotton_Dealer_AO_AKO1_Test" name="Scrutiny_Cotton_TO_Seed" time="90.667"/>
  <testcase classname="Scrutiny_Flow_Cotton_Dealer_State.Cotton_Dealer_DDA_AKO2_Test" name="Scrutiny_Cotton_CI_Seed" time="77.047"/>
  <testcase classname="Scrutiny_Flow_Cotton_Dealer_State.Cotton_Dealer_DSAO_AKO3_Test" name="Scrutiny_Cotton_Dir_Agri" time="95.914"/>
  <testcase classname="Scrutiny_Flow_Cotton_Dealer_State.Cotton_Dealer_DSAO_AKO3_Test" name="verify_License" time="76.131"/>
</testsuite> <!-- Test -->
